<?xml version="1.0" encoding="UTF-8"?>
<!-- Generated by org.testng.reporters.JUnitReportReporter -->
<testsuite hostname="MSI" failures="0" tests="1" name="runner.Testrunner" time="4.946" errors="0" timestamp="2023-03-20T07:32:24 CDT" skipped="0">
  <testcase classname="runner.Testrunner" name="runScenario" time="4.946"/>
  <system-out/>
</testsuite> <!-- runner.Testrunner -->
